0 info it worked if it ends with ok
1 verbose cli [ '/Users/maxrevilo/Projects/Waving2/node/bin/node',
1 verbose cli   '/Users/maxrevilo/Projects/Waving2/node/bin/npm',
1 verbose cli   'run',
1 verbose cli   'protractor' ]
2 info using npm@1.4.21
3 info using node@v0.10.30
4 verbose run-script [ 'preprotractor', 'protractor', 'postprotractor' ]
5 info preprotractor waving-app@1.0.0
6 verbose unsafe-perm in lifecycle true
7 info protractor waving-app@1.0.0
8 verbose unsafe-perm in lifecycle true
9 info waving-app@1.0.0 Failed to exec protractor script
10 error waving-app@1.0.0 protractor: `protractor ./protractor.config.js`
10 error Exit status 1
11 error Failed at the waving-app@1.0.0 protractor script.
11 error This is most likely a problem with the waving-app package,
11 error not with npm itself.
11 error Tell the author that this fails on your system:
11 error     protractor ./protractor.config.js
11 error You can get their info via:
11 error     npm owner ls waving-app
11 error There is likely additional logging output above.
12 error System Darwin 13.4.0
13 error command "/Users/maxrevilo/Projects/Waving2/node/bin/node" "/Users/maxrevilo/Projects/Waving2/node/bin/npm" "run" "protractor"
14 error cwd /Users/maxrevilo/Projects/Waving2/WavingApp
15 error node -v v0.10.30
16 error npm -v 1.4.21
17 error code ELIFECYCLE
18 verbose exit [ 1, true ]
